2016-09-20 09:28:00,942 INFO - root - Initialising application
2016-09-20 09:28:00,956 INFO - root - Initialise global hotkeys
2016-09-20 09:28:00,957 INFO - config-manager - No configuration found - creating new one
2016-09-20 09:28:00,963 INFO - config-manager - Configuration changed - rebuilding in-memory structures
2016-09-20 09:28:00,964 INFO - config-manager - Persisting configuration
2016-09-20 09:28:00,965 INFO - config-manager - Finished persisting configuration - no errors
2016-09-20 09:28:00,966 INFO - service - Starting service
2016-09-20 09:28:01,050 INFO - interface - XRecord interface thread starting
2016-09-20 09:28:01,050 INFO - service - Service now marked as running
2016-09-20 09:28:01,069 INFO - root - Displaying configuration window
2016-09-20 09:28:44,763 ERROR - interface - Error in X event loop thread
Traceback (most recent call last):
  File "/home/dan/.local/lib/python3.5/site-packages/autokey/interface.py", line 971, in get_window_title
    return self.__getWinTitle(windowvar, traverse)
  File "/home/dan/.local/lib/python3.5/site-packages/autokey/interface.py", line 984, in __getWinTitle
    atom = windowvar.get_property(self.__VisibleNameAtom, 0, 0, 255)
  File "/home/dan/.local/lib/python3.5/site-packages/Xlib/xobject/drawable.py", line 441, in get_property
    long_length = length)
  File "/home/dan/.local/lib/python3.5/site-packages/Xlib/protocol/rq.py", line 1481, in __init__
    self.reply()
  File "/home/dan/.local/lib/python3.5/site-packages/Xlib/protocol/rq.py", line 1501, in reply
    raise self._error
Xlib.error.BadWindow: <class 'Xlib.error.BadWindow'>: code = 3, resource_id = <class 'Xlib.xobject.resource.Resource'>(0x00e00009), sequence_number = 745, major_opcode = 20, minor_opcode = 0

During handling of the above exception, another exception occurred:

Traceback (most recent call last):
  File "/home/dan/.local/lib/python3.5/site-packages/autokey/interface.py", line 141, in __eventLoop
    method(*args)
  File "/home/dan/.local/lib/python3.5/site-packages/autokey/interface.py", line 845, in __handleKeyPress
    self.mediator.handle_keypress(keyCode, self.get_window_title(focus), self.get_window_class(focus))
  File "/home/dan/.local/lib/python3.5/site-packages/autokey/interface.py", line 978, in get_window_title
    print(__name__, repr(e))
OSError: [Errno 5] Input/output error
2016-09-20 09:28:54,652 INFO - root - Initialising application
2016-09-20 09:28:54,662 INFO - root - Initialise global hotkeys
2016-09-20 09:28:54,662 INFO - config-manager - Loading config from existing file: /home/dan/.config/autokey/autokey.json
2016-09-20 09:28:54,665 INFO - config-manager - Configuration changed - rebuilding in-memory structures
2016-09-20 09:28:54,665 INFO - config-manager - Successfully loaded configuration
2016-09-20 09:28:54,666 INFO - service - Starting service
2016-09-20 09:28:54,720 INFO - interface - XRecord interface thread starting
2016-09-20 09:28:54,721 INFO - service - Service now marked as running
2016-09-20 09:28:54,760 INFO - root - Entering main()
2016-09-20 09:29:02,862 ERROR - interface - Error in X event loop thread
Traceback (most recent call last):
  File "/home/dan/.local/lib/python3.5/site-packages/autokey/interface.py", line 1001, in get_window_class
    return self.__getWinClass(windowvar, traverse)
  File "/home/dan/.local/lib/python3.5/site-packages/autokey/interface.py", line 1013, in __getWinClass
    wmclass = windowvar.get_wm_class()
  File "/home/dan/.local/lib/python3.5/site-packages/Xlib/xobject/drawable.py", line 660, in get_wm_class
    d = self.get_full_property(Xatom.WM_CLASS, Xatom.STRING)
  File "/home/dan/.local/lib/python3.5/site-packages/Xlib/xobject/drawable.py", line 452, in get_full_property
    prop = self.get_property(property, type, 0, sizehint)
  File "/home/dan/.local/lib/python3.5/site-packages/Xlib/xobject/drawable.py", line 441, in get_property
    long_length = length)
  File "/home/dan/.local/lib/python3.5/site-packages/Xlib/protocol/rq.py", line 1481, in __init__
    self.reply()
  File "/home/dan/.local/lib/python3.5/site-packages/Xlib/protocol/rq.py", line 1501, in reply
    raise self._error
Xlib.error.BadWindow: <class 'Xlib.error.BadWindow'>: code = 3, resource_id = <class 'Xlib.xobject.resource.Resource'>(0x00e00009), sequence_number = 533, major_opcode = 20, minor_opcode = 0

During handling of the above exception, another exception occurred:

Traceback (most recent call last):
  File "/home/dan/.local/lib/python3.5/site-packages/autokey/interface.py", line 141, in __eventLoop
    method(*args)
  File "/home/dan/.local/lib/python3.5/site-packages/autokey/interface.py", line 845, in __handleKeyPress
    self.mediator.handle_keypress(keyCode, self.get_window_title(focus), self.get_window_class(focus))
  File "/home/dan/.local/lib/python3.5/site-packages/autokey/interface.py", line 1007, in get_window_class
    print(__name__, repr(e))
OSError: [Errno 5] Input/output error
2016-09-20 09:41:48,013 INFO - root - Initialising application
2016-09-20 09:41:48,022 INFO - root - Initialise global hotkeys
2016-09-20 09:41:48,022 INFO - config-manager - Loading config from existing file: /home/dan/.config/autokey/autokey.json
2016-09-20 09:41:48,025 INFO - config-manager - Configuration changed - rebuilding in-memory structures
2016-09-20 09:41:48,026 INFO - config-manager - Successfully loaded configuration
2016-09-20 09:41:48,026 INFO - service - Starting service
2016-09-20 09:41:48,075 INFO - interface - XRecord interface thread starting
2016-09-20 09:41:48,076 INFO - service - Service now marked as running
2016-09-20 09:41:48,136 INFO - root - Displaying configuration window
2016-09-20 09:41:48,311 INFO - root - Entering main()
2016-09-20 09:42:38,472 INFO - service - Undoing last abbreviation expansion
2016-09-20 09:42:41,397 INFO - config-manager - Configuration changed - rebuilding in-memory structures
2016-09-20 09:42:41,397 INFO - config-manager - Persisting configuration
2016-09-20 09:42:41,398 INFO - config-manager - Backing up existing config file
2016-09-20 09:42:41,399 INFO - config-manager - Finished persisting configuration - no errors
2016-09-20 09:42:46,814 INFO - service - Undoing last abbreviation expansion
2016-09-20 09:42:51,622 INFO - service - Undoing last abbreviation expansion
2016-09-20 09:51:20,416 INFO - root - Displaying configuration window
2016-09-20 09:54:35,463 INFO - config-manager - Configuration changed - rebuilding in-memory structures
2016-09-20 09:55:19,730 ERROR - interface - Error in X event loop thread
Traceback (most recent call last):
  File "/usr/lib/python3.5/site-packages/autokey/interface.py", line 141, in __eventLoop
    method(*args)
  File "/usr/lib/python3.5/site-packages/autokey/interface.py", line 583, in __grab_keyboard
    focus.grab_keyboard(True, X.GrabModeAsync, X.GrabModeAsync, X.CurrentTime)
AttributeError: 'int' object has no attribute 'grab_keyboard'
2016-09-20 09:55:35,690 INFO - root - Initialising application
2016-09-20 09:55:35,702 INFO - root - Initialise global hotkeys
2016-09-20 09:55:35,702 INFO - config-manager - Loading config from existing file: /home/dan/.config/autokey/autokey.json
2016-09-20 09:55:35,705 INFO - config-manager - Configuration changed - rebuilding in-memory structures
2016-09-20 09:55:35,706 INFO - config-manager - Successfully loaded configuration
2016-09-20 09:55:35,706 INFO - service - Starting service
2016-09-20 09:55:35,770 INFO - interface - XRecord interface thread starting
2016-09-20 09:55:35,772 INFO - service - Service now marked as running
2016-09-20 09:55:35,816 INFO - root - Displaying configuration window
2016-09-20 09:55:35,939 INFO - root - Entering main()
2016-09-20 09:56:30,665 INFO - config-manager - Configuration changed - rebuilding in-memory structures
2016-09-20 09:58:34,582 INFO - config-manager - Configuration changed - rebuilding in-memory structures
2016-09-20 09:59:01,494 INFO - config-manager - Configuration changed - rebuilding in-memory structures
2016-09-20 09:59:27,701 INFO - config-manager - Configuration changed - rebuilding in-memory structures
2016-09-20 09:59:38,394 INFO - config-manager - Configuration changed - rebuilding in-memory structures
2016-09-20 10:05:17,162 INFO - config-manager - Configuration changed - rebuilding in-memory structures
2016-09-20 10:05:33,651 INFO - config-manager - Configuration changed - rebuilding in-memory structures
2016-09-20 10:27:48,745 INFO - config-manager - Configuration changed - rebuilding in-memory structures
2016-09-20 10:28:53,153 INFO - config-manager - Configuration changed - rebuilding in-memory structures
2016-09-20 10:41:26,997 INFO - config-manager - Configuration changed - rebuilding in-memory structures
2016-09-20 10:41:26,997 INFO - config-manager - Persisting configuration
2016-09-20 10:41:26,997 INFO - config-manager - Backing up existing config file
2016-09-20 10:41:27,033 INFO - config-manager - Finished persisting configuration - no errors
2016-09-20 10:41:27,494 WARNING - config-manager - No action taken for delete event at /home/dan/.config/autokey/data/My Phrases/Second phrase.txt
2016-09-20 10:41:27,715 INFO - config-manager - Configuration changed - rebuilding in-memory structures
2016-09-20 10:41:27,716 INFO - config-manager - Persisting configuration
2016-09-20 10:41:27,716 INFO - config-manager - Backing up existing config file
2016-09-20 10:41:27,741 INFO - config-manager - Finished persisting configuration - no errors
2016-09-20 10:45:42,111 INFO - root - Initialising application
2016-09-20 10:45:42,125 INFO - root - Initialise global hotkeys
2016-09-20 10:45:42,125 INFO - config-manager - Loading config from existing file: /home/dan/.config/autokey/autokey.json
2016-09-20 10:45:42,130 INFO - config-manager - Configuration changed - rebuilding in-memory structures
2016-09-20 10:45:42,130 INFO - config-manager - Successfully loaded configuration
2016-09-20 10:45:42,131 INFO - service - Starting service
2016-09-20 10:45:42,194 INFO - interface - XRecord interface thread starting
2016-09-20 10:45:42,195 INFO - service - Service now marked as running
2016-09-20 10:45:42,239 INFO - root - Displaying configuration window
2016-09-20 10:45:42,364 INFO - root - Entering main()
2016-09-20 10:46:22,894 INFO - config-manager - Configuration changed - rebuilding in-memory structures
2016-09-20 10:46:29,147 INFO - config-manager - Configuration changed - rebuilding in-memory structures
2016-09-20 10:46:29,147 INFO - config-manager - Persisting configuration
2016-09-20 10:46:29,148 INFO - config-manager - Backing up existing config file
2016-09-20 10:46:29,165 INFO - config-manager - Finished persisting configuration - no errors
2016-09-20 10:46:49,400 INFO - root - Displaying configuration window
2016-09-20 10:47:03,245 INFO - config-manager - Configuration changed - rebuilding in-memory structures
2016-09-20 10:47:03,245 INFO - config-manager - Persisting configuration
2016-09-20 10:47:03,246 INFO - config-manager - Backing up existing config file
2016-09-20 10:47:03,271 INFO - config-manager - Finished persisting configuration - no errors
2016-09-20 10:47:07,267 INFO - config-manager - Configuration changed - rebuilding in-memory structures
2016-09-20 10:47:07,267 INFO - config-manager - Persisting configuration
2016-09-20 10:47:07,268 INFO - config-manager - Backing up existing config file
2016-09-20 10:47:07,303 INFO - config-manager - Finished persisting configuration - no errors
2016-09-20 12:00:32,387 INFO - root - Initialising application
2016-09-20 12:00:32,418 INFO - root - Initialise global hotkeys
2016-09-20 12:00:32,418 INFO - config-manager - Loading config from existing file: /home/dan/.config/autokey/autokey.json
2016-09-20 12:00:32,566 INFO - config-manager - Configuration changed - rebuilding in-memory structures
2016-09-20 12:00:32,567 INFO - config-manager - Successfully loaded configuration
2016-09-20 12:00:32,567 INFO - service - Starting service
2016-09-20 12:00:32,644 INFO - interface - XRecord interface thread starting
2016-09-20 12:00:32,645 INFO - service - Service now marked as running
2016-09-20 12:00:32,865 INFO - root - Displaying configuration window
2016-09-20 12:00:33,086 INFO - root - Entering main()
2016-09-20 12:00:58,393 INFO - config-manager - Configuration changed - rebuilding in-memory structures
2016-09-20 12:00:58,394 INFO - config-manager - Persisting configuration
2016-09-20 12:00:58,394 INFO - config-manager - Backing up existing config file
2016-09-20 12:00:59,218 INFO - config-manager - Finished persisting configuration - no errors
2016-09-20 12:01:34,886 INFO - root - Displaying configuration window
2016-09-20 12:04:33,870 INFO - config-manager - Configuration changed - rebuilding in-memory structures
2016-09-20 12:08:15,564 INFO - root - Initialising application
2016-09-20 12:08:15,571 INFO - root - Initialise global hotkeys
2016-09-20 12:08:15,571 INFO - config-manager - Loading config from existing file: /home/dan/.config/autokey/autokey.json
2016-09-20 12:08:15,573 INFO - config-manager - Configuration changed - rebuilding in-memory structures
2016-09-20 12:08:15,573 INFO - config-manager - Successfully loaded configuration
2016-09-20 12:08:15,573 INFO - service - Starting service
2016-09-20 12:08:15,627 INFO - interface - XRecord interface thread starting
2016-09-20 12:08:15,628 INFO - service - Service now marked as running
2016-09-20 12:08:15,667 INFO - root - Displaying configuration window
2016-09-20 12:08:15,783 INFO - root - Entering main()
2016-09-20 12:11:21,412 INFO - config-manager - Configuration changed - rebuilding in-memory structures
2016-09-20 12:13:22,507 INFO - config-manager - Configuration changed - rebuilding in-memory structures
2016-09-20 12:13:25,592 INFO - service - Undoing last abbreviation expansion
2016-09-20 12:13:45,547 INFO - config-manager - Configuration changed - rebuilding in-memory structures
2016-09-20 12:13:56,101 INFO - config-manager - Configuration changed - rebuilding in-memory structures
2016-09-20 12:13:56,102 INFO - config-manager - Persisting configuration
2016-09-20 12:13:56,102 INFO - config-manager - Backing up existing config file
2016-09-20 12:13:56,129 INFO - config-manager - Finished persisting configuration - no errors
2016-09-20 12:18:30,560 INFO - root - Displaying configuration window
2016-09-20 12:18:39,468 INFO - config-manager - Configuration changed - rebuilding in-memory structures
2016-09-20 12:18:39,469 INFO - config-manager - Persisting configuration
2016-09-20 12:18:39,469 INFO - config-manager - Backing up existing config file
2016-09-20 12:18:39,495 INFO - config-manager - Finished persisting configuration - no errors
